[0.168s] DEBUG:colcon:Command line arguments: ['/usr/bin/colcon', 'build', '--symlink-install']
[0.168s] DEBUG:colcon:Parsed command line arguments: Namespace(log_base=None, log_level=None, verb_name='build', build_base='build', install_base='install', merge_install=False, symlink_install=True, test_result_base=None, continue_on_error=False, executor='parallel', parallel_workers=16, event_handlers=None, ignore_user_meta=False, metas=['./colcon.meta'], base_paths=['.'], packages_ignore=None, packages_ignore_regex=None, paths=None, packages_up_to=None, packages_up_to_regex=None, packages_above=None, packages_above_and_dependencies=None, packages_above_depth=None, packages_select_by_dep=None, packages_skip_by_dep=None, packages_skip_up_to=None, packages_select_build_failed=False, packages_skip_build_finished=False, packages_select_test_failures=False, packages_skip_test_passed=False, packages_select=None, packages_skip=None, packages_select_regex=None, packages_skip_regex=None, packages_start=None, packages_end=None, allow_overriding=[], cmake_args=None, cmake_target=None, cmake_target_skip_unavailable=False, cmake_clean_cache=False, cmake_clean_first=False, cmake_force_configure=False, ament_cmake_args=None, catkin_cmake_args=None, catkin_skip_building_tests=False, mixin_files=None, mixin=None, verb_parser=<colcon_mixin.mixin.mixin_argument.MixinArgumentDecorator object at 0x719e18b77f80>, verb_extension=<colcon_core.verb.build.BuildVerb object at 0x719e18cd0290>, main=<bound method BuildVerb.main of <colcon_core.verb.build.BuildVerb object at 0x719e18cd0290>>, mixin_verb=('build',))
[0.224s] Level 1:colcon.colcon_core.package_discovery:discover_packages(colcon_meta) check parameters
[0.224s] Level 1:colcon.colcon_core.package_discovery:discover_packages(recursive) check parameters
[0.224s] Level 1:colcon.colcon_core.package_discovery:discover_packages(ignore) check parameters
[0.224s] Level 1:colcon.colcon_core.package_discovery:discover_packages(path) check parameters
[0.225s] Level 1:colcon.colcon_core.package_discovery:discover_packages(colcon_meta) discover
[0.225s] Level 1:colcon.colcon_core.package_discovery:discover_packages(recursive) discover
[0.225s] INFO:colcon.colcon_core.package_discovery:Crawling recursively for packages in '/home/hornet/autonomous-vehicle-'
[0.225s] Level 1:colcon.colcon_core.package_identification:_identify(.) by extensions ['ignore', 'ignore_ament_install']
[0.225s] Level 1:colcon.colcon_core.package_identification:_identify(.) by extension 'ignore'
[0.225s] Level 1:colcon.colcon_core.package_identification:_identify(.) by extension 'ignore_ament_install'
[0.225s] Level 1:colcon.colcon_core.package_identification:_identify(.) by extensions ['colcon_pkg']
[0.225s] Level 1:colcon.colcon_core.package_identification:_identify(.) by extension 'colcon_pkg'
[0.225s] Level 1:colcon.colcon_core.package_identification:_identify(.) by extensions ['colcon_meta']
[0.225s] Level 1:colcon.colcon_core.package_identification:_identify(.) by extension 'colcon_meta'
[0.225s] Level 1:colcon.colcon_core.package_identification:_identify(.) by extensions ['ros']
[0.225s] Level 1:colcon.colcon_core.package_identification:_identify(.) by extension 'ros'
[0.267s] Level 1:colcon.colcon_core.package_identification:_identify(.) by extensions ['cmake', 'python']
[0.268s] Level 1:colcon.colcon_core.package_identification:_identify(.) by extension 'cmake'
[0.268s] Level 1:colcon.colcon_core.package_identification:_identify(.) by extension 'python'
[0.268s] Level 1:colcon.colcon_core.package_identification:_identify(.) by extensions ['python_setup_py']
[0.268s] Level 1:colcon.colcon_core.package_identification:_identify(.) by extension 'python_setup_py'
[0.268s] Level 1:colcon.colcon_core.package_identification:_identify(build) by extensions ['ignore', 'ignore_ament_install']
[0.268s] Level 1:colcon.colcon_core.package_identification:_identify(build) by extension 'ignore'
[0.268s] Level 1:colcon.colcon_core.package_identification:_identify(build) ignored
[0.268s] Level 1:colcon.colcon_core.package_identification:_identify(install) by extensions ['ignore', 'ignore_ament_install']
[0.268s] Level 1:colcon.colcon_core.package_identification:_identify(install) by extension 'ignore'
[0.269s] Level 1:colcon.colcon_core.package_identification:_identify(install) ignored
[0.269s] Level 1:colcon.colcon_core.package_identification:_identify(log) by extensions ['ignore', 'ignore_ament_install']
[0.269s] Level 1:colcon.colcon_core.package_identification:_identify(log) by extension 'ignore'
[0.269s] Level 1:colcon.colcon_core.package_identification:_identify(log) ignored
[0.269s] Level 1:colcon.colcon_core.package_identification:_identify(src) by extensions ['ignore', 'ignore_ament_install']
[0.269s] Level 1:colcon.colcon_core.package_identification:_identify(src) by extension 'ignore'
[0.269s] Level 1:colcon.colcon_core.package_identification:_identify(src) by extension 'ignore_ament_install'
[0.269s] Level 1:colcon.colcon_core.package_identification:_identify(src) by extensions ['colcon_pkg']
[0.269s] Level 1:colcon.colcon_core.package_identification:_identify(src) by extension 'colcon_pkg'
[0.269s] Level 1:colcon.colcon_core.package_identification:_identify(src) by extensions ['colcon_meta']
[0.269s] Level 1:colcon.colcon_core.package_identification:_identify(src) by extension 'colcon_meta'
[0.269s] Level 1:colcon.colcon_core.package_identification:_identify(src) by extensions ['ros']
[0.269s] Level 1:colcon.colcon_core.package_identification:_identify(src) by extension 'ros'
[0.269s] Level 1:colcon.colcon_core.package_identification:_identify(src) by extensions ['cmake', 'python']
[0.269s] Level 1:colcon.colcon_core.package_identification:_identify(src) by extension 'cmake'
[0.269s] Level 1:colcon.colcon_core.package_identification:_identify(src) by extension 'python'
[0.269s] Level 1:colcon.colcon_core.package_identification:_identify(src) by extensions ['python_setup_py']
[0.269s] Level 1:colcon.colcon_core.package_identification:_identify(src) by extension 'python_setup_py'
[0.270s] Level 1:colcon.colcon_core.package_identification:_identify(src/mobile_robot) by extensions ['ignore', 'ignore_ament_install']
[0.270s] Level 1:colcon.colcon_core.package_identification:_identify(src/mobile_robot) by extension 'ignore'
[0.270s] Level 1:colcon.colcon_core.package_identification:_identify(src/mobile_robot) by extension 'ignore_ament_install'
[0.270s] Level 1:colcon.colcon_core.package_identification:_identify(src/mobile_robot) by extensions ['colcon_pkg']
[0.270s] Level 1:colcon.colcon_core.package_identification:_identify(src/mobile_robot) by extension 'colcon_pkg'
[0.270s] Level 1:colcon.colcon_core.package_identification:_identify(src/mobile_robot) by extensions ['colcon_meta']
[0.270s] Level 1:colcon.colcon_core.package_identification:_identify(src/mobile_robot) by extension 'colcon_meta'
[0.270s] Level 1:colcon.colcon_core.package_identification:_identify(src/mobile_robot) by extensions ['ros']
[0.270s] Level 1:colcon.colcon_core.package_identification:_identify(src/mobile_robot) by extension 'ros'
[0.273s] DEBUG:colcon.colcon_core.package_identification:Package 'src/mobile_robot' with type 'ros.ament_cmake' and name 'mobile_robot'
[0.273s] Level 1:colcon.colcon_core.package_discovery:discover_packages(recursive) using defaults
[0.273s] Level 1:colcon.colcon_core.package_discovery:discover_packages(ignore) discover
[0.274s] Level 1:colcon.colcon_core.package_discovery:discover_packages(ignore) using defaults
[0.274s] Level 1:colcon.colcon_core.package_discovery:discover_packages(path) discover
[0.274s] Level 1:colcon.colcon_core.package_discovery:discover_packages(path) using defaults
[0.300s] Level 1:colcon.colcon_core.package_discovery:discover_packages(prefix_path) check parameters
[0.300s] Level 1:colcon.colcon_core.package_discovery:discover_packages(prefix_path) discover
[0.304s] DEBUG:colcon.colcon_installed_package_information.package_discovery:Found 317 installed packages in /opt/ros/jazzy
[0.306s] Level 1:colcon.colcon_core.package_discovery:discover_packages(prefix_path) using defaults
[0.362s] Level 5:colcon.colcon_core.verb:set package 'mobile_robot' build argument 'cmake_args' from command line to 'None'
[0.363s] Level 5:colcon.colcon_core.verb:set package 'mobile_robot' build argument 'cmake_target' from command line to 'None'
[0.363s] Level 5:colcon.colcon_core.verb:set package 'mobile_robot' build argument 'cmake_target_skip_unavailable' from command line to 'False'
[0.363s] Level 5:colcon.colcon_core.verb:set package 'mobile_robot' build argument 'cmake_clean_cache' from command line to 'False'
[0.363s] Level 5:colcon.colcon_core.verb:set package 'mobile_robot' build argument 'cmake_clean_first' from command line to 'False'
[0.363s] Level 5:colcon.colcon_core.verb:set package 'mobile_robot' build argument 'cmake_force_configure' from command line to 'False'
[0.363s] Level 5:colcon.colcon_core.verb:set package 'mobile_robot' build argument 'ament_cmake_args' from command line to 'None'
[0.363s] Level 5:colcon.colcon_core.verb:set package 'mobile_robot' build argument 'catkin_cmake_args' from command line to 'None'
[0.363s] Level 5:colcon.colcon_core.verb:set package 'mobile_robot' build argument 'catkin_skip_building_tests' from command line to 'False'
[0.363s] DEBUG:colcon.colcon_core.verb:Building package 'mobile_robot' with the following arguments: {'ament_cmake_args': None, 'build_base': '/home/hornet/autonomous-vehicle-/build/mobile_robot', 'catkin_cmake_args': None, 'catkin_skip_building_tests': False, 'cmake_args': None, 'cmake_clean_cache': False, 'cmake_clean_first': False, 'cmake_force_configure': False, 'cmake_target': None, 'cmake_target_skip_unavailable': False, 'install_base': '/home/hornet/autonomous-vehicle-/install/mobile_robot', 'merge_install': False, 'path': '/home/hornet/autonomous-vehicle-/src/mobile_robot', 'symlink_install': True, 'test_result_base': None}
[0.364s] INFO:colcon.colcon_core.executor:Executing jobs using 'parallel' executor
[0.365s] DEBUG:colcon.colcon_parallel_executor.executor.parallel:run_until_complete
[0.366s] INFO:colcon.colcon_ros.task.ament_cmake.build:Building ROS package in '/home/hornet/autonomous-vehicle-/src/mobile_robot' with build type 'ament_cmake'
[0.366s] INFO:colcon.colcon_cmake.task.cmake.build:Building CMake package in '/home/hornet/autonomous-vehicle-/src/mobile_robot'
[0.369s] INFO:colcon.colcon_core.plugin_system:Skipping extension 'colcon_core.shell.bat': Not used on non-Windows systems
[0.369s] INFO:colcon.colcon_core.shell:Skip shell extension 'powershell' for command environment: Not usable outside of PowerShell
[0.369s] DEBUG:colcon.colcon_core.shell:Skip shell extension 'dsv' for command environment
[0.389s] DEBUG:colcon.colcon_core.event_handler.log_command:Invoking command in '/home/hornet/autonomous-vehicle-/build/mobile_robot': CMAKE_PREFIX_PATH=${CMAKE_PREFIX_PATH}:/opt/ros/jazzy DEBUGINFOD_URLS=https://debuginfod.ubuntu.com /usr/bin/cmake /home/hornet/autonomous-vehicle-/src/mobile_robot -DAMENT_CMAKE_SYMLINK_INSTALL=1 -DCMAKE_INSTALL_PREFIX=/home/hornet/autonomous-vehicle-/install/mobile_robot
[2.182s] DEBUG:colcon.colcon_core.event_handler.log_command:Invoked command in '/home/hornet/autonomous-vehicle-/build/mobile_robot' returned '0': CMAKE_PREFIX_PATH=${CMAKE_PREFIX_PATH}:/opt/ros/jazzy DEBUGINFOD_URLS=https://debuginfod.ubuntu.com /usr/bin/cmake /home/hornet/autonomous-vehicle-/src/mobile_robot -DAMENT_CMAKE_SYMLINK_INSTALL=1 -DCMAKE_INSTALL_PREFIX=/home/hornet/autonomous-vehicle-/install/mobile_robot
[2.186s] DEBUG:colcon.colcon_core.event_handler.log_command:Invoking command in '/home/hornet/autonomous-vehicle-/build/mobile_robot': CMAKE_PREFIX_PATH=${CMAKE_PREFIX_PATH}:/opt/ros/jazzy DEBUGINFOD_URLS=https://debuginfod.ubuntu.com /usr/bin/cmake --build /home/hornet/autonomous-vehicle-/build/mobile_robot -- -j16 -l16
[2.284s] DEBUG:colcon.colcon_core.event_handler.log_command:Invoked command in '/home/hornet/autonomous-vehicle-/build/mobile_robot' returned '0': CMAKE_PREFIX_PATH=${CMAKE_PREFIX_PATH}:/opt/ros/jazzy DEBUGINFOD_URLS=https://debuginfod.ubuntu.com /usr/bin/cmake --build /home/hornet/autonomous-vehicle-/build/mobile_robot -- -j16 -l16
[2.310s] DEBUG:colcon.colcon_core.event_handler.log_command:Invoking command in '/home/hornet/autonomous-vehicle-/build/mobile_robot': CMAKE_PREFIX_PATH=${CMAKE_PREFIX_PATH}:/opt/ros/jazzy DEBUGINFOD_URLS=https://debuginfod.ubuntu.com /usr/bin/cmake --install /home/hornet/autonomous-vehicle-/build/mobile_robot
[29.976s] Level 1:colcon.colcon_core.environment:create_environment_scripts_only(mobile_robot)
[29.977s] DEBUG:colcon.colcon_core.event_handler.log_command:Invoked command in '/home/hornet/autonomous-vehicle-/build/mobile_robot' returned '0': CMAKE_PREFIX_PATH=${CMAKE_PREFIX_PATH}:/opt/ros/jazzy DEBUGINFOD_URLS=https://debuginfod.ubuntu.com /usr/bin/cmake --install /home/hornet/autonomous-vehicle-/build/mobile_robot
[29.983s] Level 1:colcon.colcon_core.environment:checking '/home/hornet/autonomous-vehicle-/install/mobile_robot' for CMake module files
[29.984s] Level 1:colcon.colcon_core.environment:checking '/home/hornet/autonomous-vehicle-/install/mobile_robot' for CMake config files
[29.985s] Level 1:colcon.colcon_core.shell:create_environment_hook('mobile_robot', 'cmake_prefix_path')
[29.985s] INFO:colcon.colcon_core.shell:Creating environment hook '/home/hornet/autonomous-vehicle-/install/mobile_robot/share/mobile_robot/hook/cmake_prefix_path.ps1'
[29.986s] INFO:colcon.colcon_core.shell:Creating environment descriptor '/home/hornet/autonomous-vehicle-/install/mobile_robot/share/mobile_robot/hook/cmake_prefix_path.dsv'
[29.987s] INFO:colcon.colcon_core.shell:Creating environment hook '/home/hornet/autonomous-vehicle-/install/mobile_robot/share/mobile_robot/hook/cmake_prefix_path.sh'
[29.990s] Level 1:colcon.colcon_core.environment:checking '/home/hornet/autonomous-vehicle-/install/mobile_robot/bin'
[29.990s] Level 1:colcon.colcon_core.environment:checking '/home/hornet/autonomous-vehicle-/install/mobile_robot/lib/pkgconfig/mobile_robot.pc'
[29.991s] Level 1:colcon.colcon_core.environment:checking '/home/hornet/autonomous-vehicle-/install/mobile_robot/lib/python3.12/site-packages'
[29.991s] Level 1:colcon.colcon_core.environment:checking '/home/hornet/autonomous-vehicle-/install/mobile_robot/bin'
[29.992s] INFO:colcon.colcon_core.shell:Creating package script '/home/hornet/autonomous-vehicle-/install/mobile_robot/share/mobile_robot/package.ps1'
[29.995s] INFO:colcon.colcon_core.shell:Creating package descriptor '/home/hornet/autonomous-vehicle-/install/mobile_robot/share/mobile_robot/package.dsv'
[29.996s] INFO:colcon.colcon_core.shell:Creating package script '/home/hornet/autonomous-vehicle-/install/mobile_robot/share/mobile_robot/package.sh'
[29.998s] INFO:colcon.colcon_core.shell:Creating package script '/home/hornet/autonomous-vehicle-/install/mobile_robot/share/mobile_robot/package.bash'
[30.000s] INFO:colcon.colcon_core.shell:Creating package script '/home/hornet/autonomous-vehicle-/install/mobile_robot/share/mobile_robot/package.zsh'
[30.001s] Level 1:colcon.colcon_core.environment:create_file_with_runtime_dependencies(/home/hornet/autonomous-vehicle-/install/mobile_robot/share/colcon-core/packages/mobile_robot)
[30.003s] Level 1:colcon.colcon_core.environment:create_environment_scripts_only(mobile_robot)
[30.003s] Level 1:colcon.colcon_core.environment:checking '/home/hornet/autonomous-vehicle-/install/mobile_robot' for CMake module files
[30.004s] Level 1:colcon.colcon_core.environment:checking '/home/hornet/autonomous-vehicle-/install/mobile_robot' for CMake config files
[30.004s] Level 1:colcon.colcon_core.shell:create_environment_hook('mobile_robot', 'cmake_prefix_path')
[30.005s] INFO:colcon.colcon_core.shell:Creating environment hook '/home/hornet/autonomous-vehicle-/install/mobile_robot/share/mobile_robot/hook/cmake_prefix_path.ps1'
[30.006s] INFO:colcon.colcon_core.shell:Creating environment descriptor '/home/hornet/autonomous-vehicle-/install/mobile_robot/share/mobile_robot/hook/cmake_prefix_path.dsv'
[30.007s] INFO:colcon.colcon_core.shell:Creating environment hook '/home/hornet/autonomous-vehicle-/install/mobile_robot/share/mobile_robot/hook/cmake_prefix_path.sh'
[30.008s] Level 1:colcon.colcon_core.environment:checking '/home/hornet/autonomous-vehicle-/install/mobile_robot/bin'
[30.008s] Level 1:colcon.colcon_core.environment:checking '/home/hornet/autonomous-vehicle-/install/mobile_robot/lib/pkgconfig/mobile_robot.pc'
[30.009s] Level 1:colcon.colcon_core.environment:checking '/home/hornet/autonomous-vehicle-/install/mobile_robot/lib/python3.12/site-packages'
[30.010s] Level 1:colcon.colcon_core.environment:checking '/home/hornet/autonomous-vehicle-/install/mobile_robot/bin'
[30.010s] INFO:colcon.colcon_core.shell:Creating package script '/home/hornet/autonomous-vehicle-/install/mobile_robot/share/mobile_robot/package.ps1'
[30.011s] INFO:colcon.colcon_core.shell:Creating package descriptor '/home/hornet/autonomous-vehicle-/install/mobile_robot/share/mobile_robot/package.dsv'
[30.013s] INFO:colcon.colcon_core.shell:Creating package script '/home/hornet/autonomous-vehicle-/install/mobile_robot/share/mobile_robot/package.sh'
[30.014s] INFO:colcon.colcon_core.shell:Creating package script '/home/hornet/autonomous-vehicle-/install/mobile_robot/share/mobile_robot/package.bash'
[30.015s] INFO:colcon.colcon_core.shell:Creating package script '/home/hornet/autonomous-vehicle-/install/mobile_robot/share/mobile_robot/package.zsh'
[30.015s] Level 1:colcon.colcon_core.environment:create_file_with_runtime_dependencies(/home/hornet/autonomous-vehicle-/install/mobile_robot/share/colcon-core/packages/mobile_robot)
[30.016s] DEBUG:colcon.colcon_parallel_executor.executor.parallel:closing loop
[30.017s] DEBUG:colcon.colcon_parallel_executor.executor.parallel:loop closed
[30.017s] DEBUG:colcon.colcon_parallel_executor.executor.parallel:run_until_complete finished with '0'
[30.017s] DEBUG:colcon.colcon_core.event_reactor:joining thread
[30.029s] INFO:colcon.colcon_core.plugin_system:Skipping extension 'colcon_notification.desktop_notification.terminal_notifier': Not used on non-Darwin systems
[30.029s] INFO:colcon.colcon_core.plugin_system:Skipping extension 'colcon_notification.desktop_notification.win32': Not used on non-Windows systems
[30.029s] INFO:colcon.colcon_notification.desktop_notification:Sending desktop notification using 'notify2'
[30.060s] DEBUG:colcon.colcon_core.event_reactor:joined thread
[30.060s] INFO:colcon.colcon_core.shell:Creating prefix script '/home/hornet/autonomous-vehicle-/install/local_setup.ps1'
[30.062s] INFO:colcon.colcon_core.shell:Creating prefix util module '/home/hornet/autonomous-vehicle-/install/_local_setup_util_ps1.py'
[30.065s] INFO:colcon.colcon_core.shell:Creating prefix chain script '/home/hornet/autonomous-vehicle-/install/setup.ps1'
[30.067s] INFO:colcon.colcon_core.shell:Creating prefix script '/home/hornet/autonomous-vehicle-/install/local_setup.sh'
[30.068s] INFO:colcon.colcon_core.shell:Creating prefix util module '/home/hornet/autonomous-vehicle-/install/_local_setup_util_sh.py'
[30.069s] INFO:colcon.colcon_core.shell:Creating prefix chain script '/home/hornet/autonomous-vehicle-/install/setup.sh'
[30.072s] INFO:colcon.colcon_core.shell:Creating prefix script '/home/hornet/autonomous-vehicle-/install/local_setup.bash'
[30.074s] INFO:colcon.colcon_core.shell:Creating prefix chain script '/home/hornet/autonomous-vehicle-/install/setup.bash'
[30.076s] INFO:colcon.colcon_core.shell:Creating prefix script '/home/hornet/autonomous-vehicle-/install/local_setup.zsh'
[30.078s] INFO:colcon.colcon_core.shell:Creating prefix chain script '/home/hornet/autonomous-vehicle-/install/setup.zsh'
