[100%] Built target scan_frame_corrector
-- Install configuration: ""
-- Up-to-date: /home/hornet/Desktop/pathfollowingbot/install/mobile_robot/lib/mobile_robot/scan_frame_corrector
-- Up-to-date: /home/hornet/Desktop/pathfollowingbot/install/mobile_robot/share/mobile_robot/launch
-- Up-to-date: /home/hornet/Desktop/pathfollowingbot/install/mobile_robot/share/mobile_robot/launch/frames_2026-07-08_23.11.33.gv
-- Up-to-date: /home/hornet/Desktop/pathfollowingbot/install/mobile_robot/share/mobile_robot/launch/os
-- Up-to-date: /home/hornet/Desktop/pathfollowingbot/install/mobile_robot/share/mobile_robot/launch/rviz.launch.py
-- Up-to-date: /home/hornet/Desktop/pathfollowingbot/install/mobile_robot/share/mobile_robot/launch/frames_2026-07-08_23.11.33.pdf
-- Up-to-date: /home/hornet/Desktop/pathfollowingbot/install/mobile_robot/share/mobile_robot/launch/slam.launch.py
-- Up-to-date: /home/hornet/Desktop/pathfollowingbot/install/mobile_robot/share/mobile_robot/launch/bringup.launch.py
-- Up-to-date: /home/hornet/Desktop/pathfollowingbot/install/mobile_robot/share/mobile_robot/launch/spawn_in_track.launch.py
-- Up-to-date: /home/hornet/Desktop/pathfollowingbot/install/mobile_robot/share/mobile_robot/launch/gazebo_model.launch.py
-- Up-to-date: /home/hornet/Desktop/pathfollowingbot/install/mobile_robot/share/mobile_robot/model
-- Up-to-date: /home/hornet/Desktop/pathfollowingbot/install/mobile_robot/share/mobile_robot/model/robot.gazebo.xacro
-- Up-to-date: /home/hornet/Desktop/pathfollowingbot/install/mobile_robot/share/mobile_robot/model/robot.xacro
-- Up-to-date: /home/hornet/Desktop/pathfollowingbot/install/mobile_robot/share/mobile_robot/parameters
-- Up-to-date: /home/hornet/Desktop/pathfollowingbot/install/mobile_robot/share/mobile_robot/parameters/mapper_params_online_async.yaml
-- Up-to-date: /home/hornet/Desktop/pathfollowingbot/install/mobile_robot/share/mobile_robot/parameters/bridge_parameters.yaml
-- Up-to-date: /home/hornet/Desktop/pathfollowingbot/install/mobile_robot/share/mobile_robot/worlds
-- Up-to-date: /home/hornet/Desktop/pathfollowingbot/install/mobile_robot/share/mobile_robot/worlds/track_walls.sdf
-- Up-to-date: /home/hornet/Desktop/pathfollowingbot/install/mobile_robot/share/mobile_robot/worlds/track.world
-- Up-to-date: /home/hornet/Desktop/pathfollowingbot/install/mobile_robot/share/mobile_robot/models
-- Up-to-date: /home/hornet/Desktop/pathfollowingbot/install/mobile_robot/share/mobile_robot/models/track_walls
-- Up-to-date: /home/hornet/Desktop/pathfollowingbot/install/mobile_robot/share/mobile_robot/models/track_walls/model.sdf
-- Up-to-date: /home/hornet/Desktop/pathfollowingbot/install/mobile_robot/share/mobile_robot/models/track_walls/model.config
-- Up-to-date: /home/hornet/Desktop/pathfollowingbot/install/mobile_robot/share/mobile_robot/config
-- Up-to-date: /home/hornet/Desktop/pathfollowingbot/install/mobile_robot/share/mobile_robot/config/nav2_map.rviz
-- Up-to-date: /home/hornet/Desktop/pathfollowingbot/install/mobile_robot/share/mobile_robot/config/slam_toolbox.yaml
-- Up-to-date: /home/hornet/Desktop/pathfollowingbot/install/mobile_robot/share/mobile_robot/maps
-- Up-to-date: /home/hornet/Desktop/pathfollowingbot/install/mobile_robot/share/mobile_robot/maps/pasted_image.png
-- Up-to-date: /home/hornet/Desktop/pathfollowingbot/install/mobile_robot/share/mobile_robot/maps/test_track.png
-- Up-to-date: /home/hornet/Desktop/pathfollowingbot/install/mobile_robot/share/mobile_robot/maps/test_track.yaml
-- Up-to-date: /home/hornet/Desktop/pathfollowingbot/install/mobile_robot/share/mobile_robot/rviz
-- Installing: /home/hornet/Desktop/pathfollowingbot/install/mobile_robot/share/mobile_robot/rviz/slam.rviz
-- Up-to-date: /home/hornet/Desktop/pathfollowingbot/install/mobile_robot/share/ament_index/resource_index/package_run_dependencies/mobile_robot
-- Up-to-date: /home/hornet/Desktop/pathfollowingbot/install/mobile_robot/share/ament_index/resource_index/parent_prefix_path/mobile_robot
-- Up-to-date: /home/hornet/Desktop/pathfollowingbot/install/mobile_robot/share/mobile_robot/environment/ament_prefix_path.sh
-- Up-to-date: /home/hornet/Desktop/pathfollowingbot/install/mobile_robot/share/mobile_robot/environment/ament_prefix_path.dsv
-- Up-to-date: /home/hornet/Desktop/pathfollowingbot/install/mobile_robot/share/mobile_robot/environment/path.sh
-- Up-to-date: /home/hornet/Desktop/pathfollowingbot/install/mobile_robot/share/mobile_robot/environment/path.dsv
-- Up-to-date: /home/hornet/Desktop/pathfollowingbot/install/mobile_robot/share/mobile_robot/local_setup.bash
-- Up-to-date: /home/hornet/Desktop/pathfollowingbot/install/mobile_robot/share/mobile_robot/local_setup.sh
-- Up-to-date: /home/hornet/Desktop/pathfollowingbot/install/mobile_robot/share/mobile_robot/local_setup.zsh
-- Up-to-date: /home/hornet/Desktop/pathfollowingbot/install/mobile_robot/share/mobile_robot/local_setup.dsv
-- Installing: /home/hornet/Desktop/pathfollowingbot/install/mobile_robot/share/mobile_robot/package.dsv
-- Up-to-date: /home/hornet/Desktop/pathfollowingbot/install/mobile_robot/share/ament_index/resource_index/packages/mobile_robot
-- Up-to-date: /home/hornet/Desktop/pathfollowingbot/install/mobile_robot/share/mobile_robot/cmake/mobile_robotConfig.cmake
-- Up-to-date: /home/hornet/Desktop/pathfollowingbot/install/mobile_robot/share/mobile_robot/cmake/mobile_robotConfig-version.cmake
-- Up-to-date: /home/hornet/Desktop/pathfollowingbot/install/mobile_robot/share/mobile_robot/package.xml
