[0.007s] Invoking command in '/home/hornet/Desktop/pathfollowingbot/build/mobile_robot': CMAKE_PREFIX_PATH=${CMAKE_PREFIX_PATH}:/opt/ros/jazzy DEBUGINFOD_URLS=https://debuginfod.ubuntu.com /usr/bin/cmake --build /home/hornet/Desktop/pathfollowingbot/build/mobile_robot -- -j16 -l16
[0.048s] [100%] Built target scan_frame_corrector
[0.057s] Invoked command in '/home/hornet/Desktop/pathfollowingbot/build/mobile_robot' returned '0': CMAKE_PREFIX_PATH=${CMAKE_PREFIX_PATH}:/opt/ros/jazzy DEBUGINFOD_URLS=https://debuginfod.ubuntu.com /usr/bin/cmake --build /home/hornet/Desktop/pathfollowingbot/build/mobile_robot -- -j16 -l16
[0.064s] Invoking command in '/home/hornet/Desktop/pathfollowingbot/build/mobile_robot': CMAKE_PREFIX_PATH=${CMAKE_PREFIX_PATH}:/opt/ros/jazzy DEBUGINFOD_URLS=https://debuginfod.ubuntu.com /usr/bin/cmake --install /home/hornet/Desktop/pathfollowingbot/build/mobile_robot
[0.070s] -- Install configuration: ""
[0.070s] -- Up-to-date: /home/hornet/Desktop/pathfollowingbot/install/mobile_robot/lib/mobile_robot/scan_frame_corrector
[0.070s] -- Up-to-date: /home/hornet/Desktop/pathfollowingbot/install/mobile_robot/share/mobile_robot/launch
[0.071s] -- Up-to-date: /home/hornet/Desktop/pathfollowingbot/install/mobile_robot/share/mobile_robot/launch/frames_2026-07-08_23.11.33.gv
[0.071s] -- Up-to-date: /home/hornet/Desktop/pathfollowingbot/install/mobile_robot/share/mobile_robot/launch/os
[0.071s] -- Up-to-date: /home/hornet/Desktop/pathfollowingbot/install/mobile_robot/share/mobile_robot/launch/rviz.launch.py
[0.071s] -- Up-to-date: /home/hornet/Desktop/pathfollowingbot/install/mobile_robot/share/mobile_robot/launch/frames_2026-07-08_23.11.33.pdf
[0.071s] -- Up-to-date: /home/hornet/Desktop/pathfollowingbot/install/mobile_robot/share/mobile_robot/launch/slam.launch.py
[0.071s] -- Up-to-date: /home/hornet/Desktop/pathfollowingbot/install/mobile_robot/share/mobile_robot/launch/bringup.launch.py
[0.071s] -- Up-to-date: /home/hornet/Desktop/pathfollowingbot/install/mobile_robot/share/mobile_robot/launch/spawn_in_track.launch.py
[0.071s] -- Up-to-date: /home/hornet/Desktop/pathfollowingbot/install/mobile_robot/share/mobile_robot/launch/gazebo_model.launch.py
[0.071s] -- Up-to-date: /home/hornet/Desktop/pathfollowingbot/install/mobile_robot/share/mobile_robot/model
[0.071s] -- Up-to-date: /home/hornet/Desktop/pathfollowingbot/install/mobile_robot/share/mobile_robot/model/robot.gazebo.xacro
[0.072s] -- Up-to-date: /home/hornet/Desktop/pathfollowingbot/install/mobile_robot/share/mobile_robot/model/robot.xacro
[0.072s] -- Up-to-date: /home/hornet/Desktop/pathfollowingbot/install/mobile_robot/share/mobile_robot/parameters
[0.072s] -- Up-to-date: /home/hornet/Desktop/pathfollowingbot/install/mobile_robot/share/mobile_robot/parameters/mapper_params_online_async.yaml
[0.072s] -- Up-to-date: /home/hornet/Desktop/pathfollowingbot/install/mobile_robot/share/mobile_robot/parameters/bridge_parameters.yaml
[0.072s] -- Up-to-date: /home/hornet/Desktop/pathfollowingbot/install/mobile_robot/share/mobile_robot/worlds
[0.072s] -- Up-to-date: /home/hornet/Desktop/pathfollowingbot/install/mobile_robot/share/mobile_robot/worlds/track_walls.sdf
[0.072s] -- Up-to-date: /home/hornet/Desktop/pathfollowingbot/install/mobile_robot/share/mobile_robot/worlds/track.world
[0.072s] -- Up-to-date: /home/hornet/Desktop/pathfollowingbot/install/mobile_robot/share/mobile_robot/models
[0.072s] -- Up-to-date: /home/hornet/Desktop/pathfollowingbot/install/mobile_robot/share/mobile_robot/models/track_walls
[0.072s] -- Up-to-date: /home/hornet/Desktop/pathfollowingbot/install/mobile_robot/share/mobile_robot/models/track_walls/model.sdf
[0.072s] -- Up-to-date: /home/hornet/Desktop/pathfollowingbot/install/mobile_robot/share/mobile_robot/models/track_walls/model.config
[0.072s] -- Up-to-date: /home/hornet/Desktop/pathfollowingbot/install/mobile_robot/share/mobile_robot/config
[0.072s] -- Up-to-date: /home/hornet/Desktop/pathfollowingbot/install/mobile_robot/share/mobile_robot/config/nav2_map.rviz
[0.072s] -- Up-to-date: /home/hornet/Desktop/pathfollowingbot/install/mobile_robot/share/mobile_robot/config/slam_toolbox.yaml
[0.072s] -- Up-to-date: /home/hornet/Desktop/pathfollowingbot/install/mobile_robot/share/mobile_robot/maps
[0.072s] -- Up-to-date: /home/hornet/Desktop/pathfollowingbot/install/mobile_robot/share/mobile_robot/maps/pasted_image.png
[0.072s] -- Up-to-date: /home/hornet/Desktop/pathfollowingbot/install/mobile_robot/share/mobile_robot/maps/test_track.png
[0.072s] -- Up-to-date: /home/hornet/Desktop/pathfollowingbot/install/mobile_robot/share/mobile_robot/maps/test_track.yaml
[0.072s] -- Up-to-date: /home/hornet/Desktop/pathfollowingbot/install/mobile_robot/share/mobile_robot/rviz
[0.072s] -- Installing: /home/hornet/Desktop/pathfollowingbot/install/mobile_robot/share/mobile_robot/rviz/slam.rviz
[0.072s] -- Up-to-date: /home/hornet/Desktop/pathfollowingbot/install/mobile_robot/share/ament_index/resource_index/package_run_dependencies/mobile_robot
[0.072s] -- Up-to-date: /home/hornet/Desktop/pathfollowingbot/install/mobile_robot/share/ament_index/resource_index/parent_prefix_path/mobile_robot
[0.072s] -- Up-to-date: /home/hornet/Desktop/pathfollowingbot/install/mobile_robot/share/mobile_robot/environment/ament_prefix_path.sh
[0.072s] -- Up-to-date: /home/hornet/Desktop/pathfollowingbot/install/mobile_robot/share/mobile_robot/environment/ament_prefix_path.dsv
[0.072s] -- Up-to-date: /home/hornet/Desktop/pathfollowingbot/install/mobile_robot/share/mobile_robot/environment/path.sh
[0.072s] -- Up-to-date: /home/hornet/Desktop/pathfollowingbot/install/mobile_robot/share/mobile_robot/environment/path.dsv
[0.073s] -- Up-to-date: /home/hornet/Desktop/pathfollowingbot/install/mobile_robot/share/mobile_robot/local_setup.bash
[0.073s] -- Up-to-date: /home/hornet/Desktop/pathfollowingbot/install/mobile_robot/share/mobile_robot/local_setup.sh
[0.073s] -- Up-to-date: /home/hornet/Desktop/pathfollowingbot/install/mobile_robot/share/mobile_robot/local_setup.zsh
[0.073s] -- Up-to-date: /home/hornet/Desktop/pathfollowingbot/install/mobile_robot/share/mobile_robot/local_setup.dsv
[0.073s] -- Installing: /home/hornet/Desktop/pathfollowingbot/install/mobile_robot/share/mobile_robot/package.dsv
[0.073s] -- Up-to-date: /home/hornet/Desktop/pathfollowingbot/install/mobile_robot/share/ament_index/resource_index/packages/mobile_robot
[0.073s] -- Up-to-date: /home/hornet/Desktop/pathfollowingbot/install/mobile_robot/share/mobile_robot/cmake/mobile_robotConfig.cmake
[0.073s] -- Up-to-date: /home/hornet/Desktop/pathfollowingbot/install/mobile_robot/share/mobile_robot/cmake/mobile_robotConfig-version.cmake
[0.073s] -- Up-to-date: /home/hornet/Desktop/pathfollowingbot/install/mobile_robot/share/mobile_robot/package.xml
[0.073s] Invoked command in '/home/hornet/Desktop/pathfollowingbot/build/mobile_robot' returned '0': CMAKE_PREFIX_PATH=${CMAKE_PREFIX_PATH}:/opt/ros/jazzy DEBUGINFOD_URLS=https://debuginfod.ubuntu.com /usr/bin/cmake --install /home/hornet/Desktop/pathfollowingbot/build/mobile_robot
