-- The C compiler identification is GNU 11.5.0
-- The CXX compiler identification is GNU 11.5.0
-- Detecting C compiler ABI info
-- Detecting C compiler ABI info - done
-- Check for working C compiler: /usr/bin/cc - skipped
-- Detecting C compile features
-- Detecting C compile features - done
-- Detecting CXX compiler ABI info
-- Detecting CXX compiler ABI info - done
-- Check for working CXX compiler: /usr/bin/c++ - skipped
-- Detecting CXX compile features
-- Detecting CXX compile features - done
-- Found ament_cmake: 2.5.6 (/opt/ros/jazzy/share/ament_cmake/cmake)
-- Found Python3: /usr/bin/python3 (found version "3.12.3") found components: Interpreter 
-- Found rclcpp: 28.1.21 (/opt/ros/jazzy/share/rclcpp/cmake)
-- Found rosidl_generator_c: 4.6.9 (/opt/ros/jazzy/share/rosidl_generator_c/cmake)
-- Found rosidl_generator_cpp: 4.6.9 (/opt/ros/jazzy/share/rosidl_generator_cpp/cmake)
-- Using all available rosidl_typesupport_c: rosidl_typesupport_fastrtps_c;rosidl_typesupport_introspection_c
-- Using all available rosidl_typesupport_cpp: rosidl_typesupport_fastrtps_cpp;rosidl_typesupport_introspection_cpp
-- Found rmw_implementation_cmake: 7.3.3 (/opt/ros/jazzy/share/rmw_implementation_cmake/cmake)
-- Found rmw_fastrtps_cpp: 8.4.4 (/opt/ros/jazzy/share/rmw_fastrtps_cpp/cmake)
-- Found OpenSSL: /usr/lib/x86_64-linux-gnu/libcrypto.so (found version "3.0.13")  
-- Found FastRTPS: /opt/ros/jazzy/include (Required is at least version "2.13") 
-- Using RMW implementation 'rmw_fastrtps_cpp' as default
-- Found sensor_msgs: 5.3.8 (/opt/ros/jazzy/share/sensor_msgs/cmake)
-- Found ament_lint_auto: 0.17.5 (/opt/ros/jazzy/share/ament_lint_auto/cmake)
-- Added test 'cppcheck' to perform static code analysis on C / C++ code
-- Configured cppcheck include dirs: 
-- Configured cppcheck exclude dirs and/or files: 
-- Added test 'flake8' to check Python code syntax and style conventions
-- Configured 'flake8' exclude dirs and/or files: 
-- Added test 'lint_cmake' to check CMake code style
-- Added test 'pep257' to check Python code against some of the docstring style conventions in PEP 257
-- Added test 'uncrustify' to check C / C++ code style
-- Configured uncrustify additional arguments: 
-- Added test 'xmllint' to check XML markup files
-- Configuring done (1.3s)
-- Generating done (0.0s)
-- Build files have been written to: /home/hornet/Desktop/pathfollowingbot/build/mobile_robot
[ 50%] [32mBuilding CXX object CMakeFiles/scan_frame_corrector.dir/src/scan_frame_corrector.cpp.o[0m
[100%] [32m[1mLinking CXX executable scan_frame_corrector[0m
[100%] Built target scan_frame_corrector
-- Install configuration: ""
-- Installing: /home/hornet/Desktop/pathfollowingbot/install/mobile_robot/lib/mobile_robot/scan_frame_corrector
-- Set non-toolchain portion of runtime path of "/home/hornet/Desktop/pathfollowingbot/install/mobile_robot/lib/mobile_robot/scan_frame_corrector" to ""
-- Installing: /home/hornet/Desktop/pathfollowingbot/install/mobile_robot/share/mobile_robot/launch
-- Installing: /home/hornet/Desktop/pathfollowingbot/install/mobile_robot/share/mobile_robot/launch/frames_2026-07-08_23.11.33.gv
-- Installing: /home/hornet/Desktop/pathfollowingbot/install/mobile_robot/share/mobile_robot/launch/os
-- Installing: /home/hornet/Desktop/pathfollowingbot/install/mobile_robot/share/mobile_robot/launch/rviz.launch.py
-- Installing: /home/hornet/Desktop/pathfollowingbot/install/mobile_robot/share/mobile_robot/launch/frames_2026-07-08_23.11.33.pdf
-- Installing: /home/hornet/Desktop/pathfollowingbot/install/mobile_robot/share/mobile_robot/launch/slam.launch.py
-- Installing: /home/hornet/Desktop/pathfollowingbot/install/mobile_robot/share/mobile_robot/launch/bringup.launch.py
-- Installing: /home/hornet/Desktop/pathfollowingbot/install/mobile_robot/share/mobile_robot/launch/spawn_in_track.launch.py
-- Installing: /home/hornet/Desktop/pathfollowingbot/install/mobile_robot/share/mobile_robot/launch/gazebo_model.launch.py
-- Installing: /home/hornet/Desktop/pathfollowingbot/install/mobile_robot/share/mobile_robot/model
-- Installing: /home/hornet/Desktop/pathfollowingbot/install/mobile_robot/share/mobile_robot/model/robot.gazebo.xacro
-- Installing: /home/hornet/Desktop/pathfollowingbot/install/mobile_robot/share/mobile_robot/model/robot.xacro
-- Installing: /home/hornet/Desktop/pathfollowingbot/install/mobile_robot/share/mobile_robot/parameters
-- Installing: /home/hornet/Desktop/pathfollowingbot/install/mobile_robot/share/mobile_robot/parameters/mapper_params_online_async.yaml
-- Installing: /home/hornet/Desktop/pathfollowingbot/install/mobile_robot/share/mobile_robot/parameters/bridge_parameters.yaml
-- Installing: /home/hornet/Desktop/pathfollowingbot/install/mobile_robot/share/mobile_robot/worlds
-- Installing: /home/hornet/Desktop/pathfollowingbot/install/mobile_robot/share/mobile_robot/worlds/track_walls.sdf
-- Installing: /home/hornet/Desktop/pathfollowingbot/install/mobile_robot/share/mobile_robot/worlds/track.world
-- Installing: /home/hornet/Desktop/pathfollowingbot/install/mobile_robot/share/mobile_robot/models
-- Installing: /home/hornet/Desktop/pathfollowingbot/install/mobile_robot/share/mobile_robot/models/track_walls
-- Installing: /home/hornet/Desktop/pathfollowingbot/install/mobile_robot/share/mobile_robot/models/track_walls/model.sdf
-- Installing: /home/hornet/Desktop/pathfollowingbot/install/mobile_robot/share/mobile_robot/models/track_walls/model.config
-- Installing: /home/hornet/Desktop/pathfollowingbot/install/mobile_robot/share/mobile_robot/config
-- Installing: /home/hornet/Desktop/pathfollowingbot/install/mobile_robot/share/mobile_robot/config/nav2_map.rviz
-- Installing: /home/hornet/Desktop/pathfollowingbot/install/mobile_robot/share/mobile_robot/config/slam_toolbox.yaml
-- Installing: /home/hornet/Desktop/pathfollowingbot/install/mobile_robot/share/mobile_robot/maps
-- Installing: /home/hornet/Desktop/pathfollowingbot/install/mobile_robot/share/mobile_robot/maps/pasted_image.png
-- Installing: /home/hornet/Desktop/pathfollowingbot/install/mobile_robot/share/mobile_robot/maps/test_track.png
-- Installing: /home/hornet/Desktop/pathfollowingbot/install/mobile_robot/share/mobile_robot/maps/test_track.yaml
-- Installing: /home/hornet/Desktop/pathfollowingbot/install/mobile_robot/share/mobile_robot/rviz
-- Installing: /home/hornet/Desktop/pathfollowingbot/install/mobile_robot/share/ament_index/resource_index/package_run_dependencies/mobile_robot
-- Installing: /home/hornet/Desktop/pathfollowingbot/install/mobile_robot/share/ament_index/resource_index/parent_prefix_path/mobile_robot
-- Installing: /home/hornet/Desktop/pathfollowingbot/install/mobile_robot/share/mobile_robot/environment/ament_prefix_path.sh
-- Installing: /home/hornet/Desktop/pathfollowingbot/install/mobile_robot/share/mobile_robot/environment/ament_prefix_path.dsv
-- Installing: /home/hornet/Desktop/pathfollowingbot/install/mobile_robot/share/mobile_robot/environment/path.sh
-- Installing: /home/hornet/Desktop/pathfollowingbot/install/mobile_robot/share/mobile_robot/environment/path.dsv
-- Installing: /home/hornet/Desktop/pathfollowingbot/install/mobile_robot/share/mobile_robot/local_setup.bash
-- Installing: /home/hornet/Desktop/pathfollowingbot/install/mobile_robot/share/mobile_robot/local_setup.sh
-- Installing: /home/hornet/Desktop/pathfollowingbot/install/mobile_robot/share/mobile_robot/local_setup.zsh
-- Installing: /home/hornet/Desktop/pathfollowingbot/install/mobile_robot/share/mobile_robot/local_setup.dsv
-- Installing: /home/hornet/Desktop/pathfollowingbot/install/mobile_robot/share/mobile_robot/package.dsv
-- Installing: /home/hornet/Desktop/pathfollowingbot/install/mobile_robot/share/ament_index/resource_index/packages/mobile_robot
-- Installing: /home/hornet/Desktop/pathfollowingbot/install/mobile_robot/share/mobile_robot/cmake/mobile_robotConfig.cmake
-- Installing: /home/hornet/Desktop/pathfollowingbot/install/mobile_robot/share/mobile_robot/cmake/mobile_robotConfig-version.cmake
-- Installing: /home/hornet/Desktop/pathfollowingbot/install/mobile_robot/share/mobile_robot/package.xml
