[0.012s] Invoking command in '/home/hornet/Desktop/pathfollowingbot/build/mobile_robot': CMAKE_PREFIX_PATH=${CMAKE_PREFIX_PATH}:/opt/ros/jazzy DEBUGINFOD_URLS=https://debuginfod.ubuntu.com /usr/bin/cmake /home/hornet/Desktop/pathfollowingbot/src/mobile_robot -DCMAKE_INSTALL_PREFIX=/home/hornet/Desktop/pathfollowingbot/install/mobile_robot
[0.056s] -- The C compiler identification is GNU 11.5.0
[0.092s] -- The CXX compiler identification is GNU 11.5.0
[0.103s] -- Detecting C compiler ABI info
[0.165s] -- Detecting C compiler ABI info - done
[0.170s] -- Check for working C compiler: /usr/bin/cc - skipped
[0.170s] -- Detecting C compile features
[0.170s] -- Detecting C compile features - done
[0.178s] -- Detecting CXX compiler ABI info
[0.249s] -- Detecting CXX compiler ABI info - done
[0.254s] -- Check for working CXX compiler: /usr/bin/c++ - skipped
[0.254s] -- Detecting CXX compile features
[0.255s] -- Detecting CXX compile features - done
[0.257s] -- Found ament_cmake: 2.5.6 (/opt/ros/jazzy/share/ament_cmake/cmake)
[0.366s] -- Found Python3: /usr/bin/python3 (found version "3.12.3") found components: Interpreter 
[0.445s] -- Found rclcpp: 28.1.21 (/opt/ros/jazzy/share/rclcpp/cmake)
[0.477s] -- Found rosidl_generator_c: 4.6.9 (/opt/ros/jazzy/share/rosidl_generator_c/cmake)
[0.488s] -- Found rosidl_generator_cpp: 4.6.9 (/opt/ros/jazzy/share/rosidl_generator_cpp/cmake)
[0.500s] -- Using all available rosidl_typesupport_c: rosidl_typesupport_fastrtps_c;rosidl_typesupport_introspection_c
[0.514s] -- Using all available rosidl_typesupport_cpp: rosidl_typesupport_fastrtps_cpp;rosidl_typesupport_introspection_cpp
[0.572s] -- Found rmw_implementation_cmake: 7.3.3 (/opt/ros/jazzy/share/rmw_implementation_cmake/cmake)
[0.575s] -- Found rmw_fastrtps_cpp: 8.4.4 (/opt/ros/jazzy/share/rmw_fastrtps_cpp/cmake)
[0.639s] -- Found OpenSSL: /usr/lib/x86_64-linux-gnu/libcrypto.so (found version "3.0.13")  
[0.654s] -- Found FastRTPS: /opt/ros/jazzy/include (Required is at least version "2.13") 
[0.671s] -- Using RMW implementation 'rmw_fastrtps_cpp' as default
[0.730s] -- Found sensor_msgs: 5.3.8 (/opt/ros/jazzy/share/sensor_msgs/cmake)
[0.773s] -- Found ament_lint_auto: 0.17.5 (/opt/ros/jazzy/share/ament_lint_auto/cmake)
[1.043s] -- Added test 'cppcheck' to perform static code analysis on C / C++ code
[1.043s] -- Configured cppcheck include dirs: 
[1.043s] -- Configured cppcheck exclude dirs and/or files: 
[1.071s] -- Added test 'flake8' to check Python code syntax and style conventions
[1.071s] -- Configured 'flake8' exclude dirs and/or files: 
[1.121s] -- Added test 'lint_cmake' to check CMake code style
[1.147s] -- Added test 'pep257' to check Python code against some of the docstring style conventions in PEP 257
[1.326s] -- Added test 'uncrustify' to check C / C++ code style
[1.326s] -- Configured uncrustify additional arguments: 
[1.349s] -- Added test 'xmllint' to check XML markup files
[1.350s] -- Configuring done (1.3s)
[1.356s] -- Generating done (0.0s)
[1.359s] -- Build files have been written to: /home/hornet/Desktop/pathfollowingbot/build/mobile_robot
[1.367s] Invoked command in '/home/hornet/Desktop/pathfollowingbot/build/mobile_robot' returned '0': CMAKE_PREFIX_PATH=${CMAKE_PREFIX_PATH}:/opt/ros/jazzy DEBUGINFOD_URLS=https://debuginfod.ubuntu.com /usr/bin/cmake /home/hornet/Desktop/pathfollowingbot/src/mobile_robot -DCMAKE_INSTALL_PREFIX=/home/hornet/Desktop/pathfollowingbot/install/mobile_robot
[1.367s] Invoking command in '/home/hornet/Desktop/pathfollowingbot/build/mobile_robot': CMAKE_PREFIX_PATH=${CMAKE_PREFIX_PATH}:/opt/ros/jazzy DEBUGINFOD_URLS=https://debuginfod.ubuntu.com /usr/bin/cmake --build /home/hornet/Desktop/pathfollowingbot/build/mobile_robot -- -j16 -l16
[1.409s] [ 50%] [32mBuilding CXX object CMakeFiles/scan_frame_corrector.dir/src/scan_frame_corrector.cpp.o[0m
[6.742s] [100%] [32m[1mLinking CXX executable scan_frame_corrector[0m
[6.937s] [100%] Built target scan_frame_corrector
[6.948s] Invoked command in '/home/hornet/Desktop/pathfollowingbot/build/mobile_robot' returned '0': CMAKE_PREFIX_PATH=${CMAKE_PREFIX_PATH}:/opt/ros/jazzy DEBUGINFOD_URLS=https://debuginfod.ubuntu.com /usr/bin/cmake --build /home/hornet/Desktop/pathfollowingbot/build/mobile_robot -- -j16 -l16
[6.957s] Invoking command in '/home/hornet/Desktop/pathfollowingbot/build/mobile_robot': CMAKE_PREFIX_PATH=${CMAKE_PREFIX_PATH}:/opt/ros/jazzy DEBUGINFOD_URLS=https://debuginfod.ubuntu.com /usr/bin/cmake --install /home/hornet/Desktop/pathfollowingbot/build/mobile_robot
[6.962s] -- Install configuration: ""
[6.962s] -- Installing: /home/hornet/Desktop/pathfollowingbot/install/mobile_robot/lib/mobile_robot/scan_frame_corrector
[6.965s] -- Set non-toolchain portion of runtime path of "/home/hornet/Desktop/pathfollowingbot/install/mobile_robot/lib/mobile_robot/scan_frame_corrector" to ""
[6.965s] -- Installing: /home/hornet/Desktop/pathfollowingbot/install/mobile_robot/share/mobile_robot/launch
[6.965s] -- Installing: /home/hornet/Desktop/pathfollowingbot/install/mobile_robot/share/mobile_robot/launch/frames_2026-07-08_23.11.33.gv
[6.965s] -- Installing: /home/hornet/Desktop/pathfollowingbot/install/mobile_robot/share/mobile_robot/launch/os
[6.969s] -- Installing: /home/hornet/Desktop/pathfollowingbot/install/mobile_robot/share/mobile_robot/launch/rviz.launch.py
[6.969s] -- Installing: /home/hornet/Desktop/pathfollowingbot/install/mobile_robot/share/mobile_robot/launch/frames_2026-07-08_23.11.33.pdf
[6.969s] -- Installing: /home/hornet/Desktop/pathfollowingbot/install/mobile_robot/share/mobile_robot/launch/slam.launch.py
[6.969s] -- Installing: /home/hornet/Desktop/pathfollowingbot/install/mobile_robot/share/mobile_robot/launch/bringup.launch.py
[6.969s] -- Installing: /home/hornet/Desktop/pathfollowingbot/install/mobile_robot/share/mobile_robot/launch/spawn_in_track.launch.py
[6.970s] -- Installing: /home/hornet/Desktop/pathfollowingbot/install/mobile_robot/share/mobile_robot/launch/gazebo_model.launch.py
[6.970s] -- Installing: /home/hornet/Desktop/pathfollowingbot/install/mobile_robot/share/mobile_robot/model
[6.970s] -- Installing: /home/hornet/Desktop/pathfollowingbot/install/mobile_robot/share/mobile_robot/model/robot.gazebo.xacro
[6.970s] -- Installing: /home/hornet/Desktop/pathfollowingbot/install/mobile_robot/share/mobile_robot/model/robot.xacro
[6.970s] -- Installing: /home/hornet/Desktop/pathfollowingbot/install/mobile_robot/share/mobile_robot/parameters
[6.970s] -- Installing: /home/hornet/Desktop/pathfollowingbot/install/mobile_robot/share/mobile_robot/parameters/mapper_params_online_async.yaml
[6.970s] -- Installing: /home/hornet/Desktop/pathfollowingbot/install/mobile_robot/share/mobile_robot/parameters/bridge_parameters.yaml
[6.970s] -- Installing: /home/hornet/Desktop/pathfollowingbot/install/mobile_robot/share/mobile_robot/worlds
[6.970s] -- Installing: /home/hornet/Desktop/pathfollowingbot/install/mobile_robot/share/mobile_robot/worlds/track_walls.sdf
[6.970s] -- Installing: /home/hornet/Desktop/pathfollowingbot/install/mobile_robot/share/mobile_robot/worlds/track.world
[6.971s] -- Installing: /home/hornet/Desktop/pathfollowingbot/install/mobile_robot/share/mobile_robot/models
[6.971s] -- Installing: /home/hornet/Desktop/pathfollowingbot/install/mobile_robot/share/mobile_robot/models/track_walls
[6.971s] -- Installing: /home/hornet/Desktop/pathfollowingbot/install/mobile_robot/share/mobile_robot/models/track_walls/model.sdf
[6.971s] -- Installing: /home/hornet/Desktop/pathfollowingbot/install/mobile_robot/share/mobile_robot/models/track_walls/model.config
[6.971s] -- Installing: /home/hornet/Desktop/pathfollowingbot/install/mobile_robot/share/mobile_robot/config
[6.971s] -- Installing: /home/hornet/Desktop/pathfollowingbot/install/mobile_robot/share/mobile_robot/config/nav2_map.rviz
[6.971s] -- Installing: /home/hornet/Desktop/pathfollowingbot/install/mobile_robot/share/mobile_robot/config/slam_toolbox.yaml
[6.971s] -- Installing: /home/hornet/Desktop/pathfollowingbot/install/mobile_robot/share/mobile_robot/maps
[6.971s] -- Installing: /home/hornet/Desktop/pathfollowingbot/install/mobile_robot/share/mobile_robot/maps/pasted_image.png
[6.971s] -- Installing: /home/hornet/Desktop/pathfollowingbot/install/mobile_robot/share/mobile_robot/maps/test_track.png
[6.971s] -- Installing: /home/hornet/Desktop/pathfollowingbot/install/mobile_robot/share/mobile_robot/maps/test_track.yaml
[6.972s] -- Installing: /home/hornet/Desktop/pathfollowingbot/install/mobile_robot/share/mobile_robot/rviz
[6.972s] -- Installing: /home/hornet/Desktop/pathfollowingbot/install/mobile_robot/share/ament_index/resource_index/package_run_dependencies/mobile_robot
[6.972s] -- Installing: /home/hornet/Desktop/pathfollowingbot/install/mobile_robot/share/ament_index/resource_index/parent_prefix_path/mobile_robot
[6.972s] -- Installing: /home/hornet/Desktop/pathfollowingbot/install/mobile_robot/share/mobile_robot/environment/ament_prefix_path.sh
[6.972s] -- Installing: /home/hornet/Desktop/pathfollowingbot/install/mobile_robot/share/mobile_robot/environment/ament_prefix_path.dsv
[6.973s] -- Installing: /home/hornet/Desktop/pathfollowingbot/install/mobile_robot/share/mobile_robot/environment/path.sh
[6.973s] -- Installing: /home/hornet/Desktop/pathfollowingbot/install/mobile_robot/share/mobile_robot/environment/path.dsv
[6.973s] -- Installing: /home/hornet/Desktop/pathfollowingbot/install/mobile_robot/share/mobile_robot/local_setup.bash
[6.973s] -- Installing: /home/hornet/Desktop/pathfollowingbot/install/mobile_robot/share/mobile_robot/local_setup.sh
[6.973s] -- Installing: /home/hornet/Desktop/pathfollowingbot/install/mobile_robot/share/mobile_robot/local_setup.zsh
[6.974s] -- Installing: /home/hornet/Desktop/pathfollowingbot/install/mobile_robot/share/mobile_robot/local_setup.dsv
[6.974s] -- Installing: /home/hornet/Desktop/pathfollowingbot/install/mobile_robot/share/mobile_robot/package.dsv
[6.974s] -- Installing: /home/hornet/Desktop/pathfollowingbot/install/mobile_robot/share/ament_index/resource_index/packages/mobile_robot
[6.974s] -- Installing: /home/hornet/Desktop/pathfollowingbot/install/mobile_robot/share/mobile_robot/cmake/mobile_robotConfig.cmake
[6.975s] -- Installing: /home/hornet/Desktop/pathfollowingbot/install/mobile_robot/share/mobile_robot/cmake/mobile_robotConfig-version.cmake
[6.975s] -- Installing: /home/hornet/Desktop/pathfollowingbot/install/mobile_robot/share/mobile_robot/package.xml
[6.975s] Invoked command in '/home/hornet/Desktop/pathfollowingbot/build/mobile_robot' returned '0': CMAKE_PREFIX_PATH=${CMAKE_PREFIX_PATH}:/opt/ros/jazzy DEBUGINFOD_URLS=https://debuginfod.ubuntu.com /usr/bin/cmake --install /home/hornet/Desktop/pathfollowingbot/build/mobile_robot
